2020-11-15 23:46:35,993 [main] INFO PMCH - ********>As a user i can open any browser<********
2020-11-15 23:46:42,349 [main] INFO PMCH - ********>As a user i can enter the URL<********
2020-11-15 23:46:44,546 [main] INFO PMCH - ********>As a user i can enter username<********
2020-11-15 23:46:44,725 [main] INFO PMCH - ********>As a user i can enter password<********
2020-11-15 23:46:44,851 [main] INFO PMCH - ********>As a user i can click loggin<********
2020-11-15 23:46:47,655 [main] INFO PMCH - ********>As a user i can verify login title<********
2020-11-15 23:46:47,714 [main] INFO PMCH - ********>As a user i can clicklogout<********
2020-11-15 23:46:48,708 [main] INFO PMCH - ********>As a user i can verify Loginpage title<********
2020-11-15 23:46:48,719 [main] INFO PMCH - ********>As a user i can close the browser<********
2020-11-15 23:46:49,458 [main] INFO PMCH - ********>As a user i can open any browser<********
2020-11-15 23:46:54,883 [main] INFO PMCH - ********>As a user i can enter the URL<********
2020-11-15 23:46:56,853 [main] INFO PMCH - ********>As a user i can enter username<********
2020-11-15 23:46:56,988 [main] INFO PMCH - ********>As a user i can enter password<********
2020-11-15 23:46:57,103 [main] INFO PMCH - ********>As a user i can click loggin<********
2020-11-15 23:47:10,167 [main] INFO PMCH - ********>As a user i can verify login title<********
2020-11-15 23:47:10,194 [main] INFO PMCH - ********>As a user i can clicklogout<********
2020-11-15 23:47:11,289 [main] INFO PMCH - ********>As a user i can verify Loginpage title<********
2020-11-15 23:47:11,300 [main] INFO PMCH - ********>As a user i can close the browser<********
2020-11-16 00:34:42,998 [main] INFO PMCH - ********>As a user i can open any browser<********
2020-11-16 00:34:43,013 [main] INFO PMCH - ********>As a user i can open any browser<********
2020-11-16 00:35:07,074 [main] INFO PMCH - ********>As a user i can open any browser<********
2020-11-16 00:35:07,091 [main] INFO PMCH - ********>As a user i can open any browser<********
2020-11-16 00:35:48,155 [main] INFO PMCH - ********>As a user i can open any browser<********
2020-11-16 00:35:48,171 [main] INFO PMCH - ********>As a user i can open any browser<********
2020-11-16 00:44:02,785 [main] INFO PMCH - ********>As a user i can open any browser<********
2020-11-16 00:44:02,805 [main] INFO PMCH - ********>As a user i can open any browser<********
2020-11-16 01:09:06,622 [main] INFO QA-MUBASHIR - ********>As a user i can open any browser<********
2020-11-16 01:09:12,321 [main] INFO QA-MUBASHIR - ********>As a user i can enter the URL<********
2020-11-16 01:09:13,878 [main] INFO QA-MUBASHIR - ********>As a user i can enter username<********
2020-11-16 01:09:13,989 [main] INFO QA-MUBASHIR - ********>As a user i can enter password<********
2020-11-16 01:09:14,074 [main] INFO QA-MUBASHIR - ********>As a user i can click loggin<********
2020-11-16 01:09:16,360 [main] INFO QA-MUBASHIR - ********>As a user i can verify login title<********
2020-11-16 01:09:16,434 [main] INFO QA-MUBASHIR - ********>As a user i can clicklogout<********
2020-11-16 01:09:17,723 [main] INFO QA-MUBASHIR - ********>As a user i can verify Loginpage title<********
2020-11-16 01:09:17,748 [main] INFO QA-MUBASHIR - ********>As a user i can close the browser<********
2020-11-16 01:09:18,457 [main] INFO QA-MUBASHIR - ********>As a user i can open any browser<********
2020-11-16 01:09:23,668 [main] INFO QA-MUBASHIR - ********>As a user i can enter the URL<********
2020-11-16 01:09:24,809 [main] INFO QA-MUBASHIR - ********>As a user i can enter username<********
2020-11-16 01:09:24,915 [main] INFO QA-MUBASHIR - ********>As a user i can enter password<********
2020-11-16 01:09:24,991 [main] INFO QA-MUBASHIR - ********>As a user i can click loggin<********
2020-11-16 01:09:27,249 [main] INFO QA-MUBASHIR - ********>As a user i can verify login title<********
2020-11-16 01:09:27,288 [main] INFO QA-MUBASHIR - ********>As a user i can clicklogout<********
2020-11-16 01:09:28,228 [main] INFO QA-MUBASHIR - ********>As a user i can verify Loginpage title<********
2020-11-16 01:09:28,238 [main] INFO QA-MUBASHIR - ********>As a user i can close the browser<********
2020-11-16 01:11:23,612 [main] INFO QA-MUBASHIR - ********>As a user i can open any browser<********
2020-11-16 01:11:29,245 [main] INFO QA-MUBASHIR - ********>As a user i can enter the URL<********
2020-11-16 01:11:30,787 [main] INFO QA-MUBASHIR - ********>As a user i can enter username<********
2020-11-16 01:11:30,904 [main] INFO QA-MUBASHIR - ********>As a user i can enter password<********
2020-11-16 01:11:30,988 [main] INFO QA-MUBASHIR - ********>As a user i can click loggin<********
2020-11-16 01:11:33,642 [main] INFO QA-MUBASHIR - ********>As a user i can verify login title<********
2020-11-16 01:11:33,682 [main] INFO QA-MUBASHIR - ********>As a user i can clicklogout<********
2020-11-16 01:11:35,120 [main] INFO QA-MUBASHIR - ********>As a user i can verify Loginpage title<********
2020-11-16 01:11:35,130 [main] INFO QA-MUBASHIR - ********>As a user i can close the browser<********
2020-11-16 01:11:35,819 [main] INFO QA-MUBASHIR - ********>As a user i can open any browser<********
2020-11-16 01:11:41,056 [main] INFO QA-MUBASHIR - ********>As a user i can enter the URL<********
2020-11-16 01:11:42,641 [main] INFO QA-MUBASHIR - ********>As a user i can enter username<********
2020-11-16 01:11:42,748 [main] INFO QA-MUBASHIR - ********>As a user i can enter password<********
2020-11-16 01:11:42,838 [main] INFO QA-MUBASHIR - ********>As a user i can click loggin<********
2020-11-16 01:11:45,054 [main] INFO QA-MUBASHIR - ********>As a user i can verify login title<********
2020-11-16 01:11:45,074 [main] INFO QA-MUBASHIR - ********>As a user i can clicklogout<********
2020-11-16 01:11:46,616 [main] INFO QA-MUBASHIR - ********>As a user i can verify Loginpage title<********
2020-11-16 01:11:46,629 [main] INFO QA-MUBASHIR - ********>As a user i can close the browser<********
2020-11-18 01:16:58,843 [main] INFO QA-MUBASHIR - ********>As a user i can open any browser<********
2020-11-18 01:17:05,199 [main] INFO QA-MUBASHIR - ********>As a user i can enter the URL<********
2020-11-18 01:17:06,979 [main] INFO QA-MUBASHIR - ********>As a user i can enter username<********
2020-11-18 01:17:07,256 [main] INFO QA-MUBASHIR - ********>As a user i can enter password<********
2020-11-18 01:17:07,448 [main] INFO QA-MUBASHIR - ********>As a user i can click loggin<********
2020-11-18 01:17:13,145 [main] INFO QA-MUBASHIR - ********>As a user i can verify login title<********
2020-11-18 01:17:13,245 [main] INFO QA-MUBASHIR - ********>As a user i can clicklogout<********
2020-11-18 01:17:14,992 [main] INFO QA-MUBASHIR - ********>As a user i can verify Loginpage title<********
2020-11-18 01:17:15,041 [main] INFO QA-MUBASHIR - ********>As a user i can close the browser<********
2020-11-18 01:17:15,984 [main] INFO QA-MUBASHIR - ********>As a user i can open any browser<********
2020-11-18 01:17:28,048 [main] INFO QA-MUBASHIR - ********>As a user i can enter the URL<********
2020-11-18 01:17:30,467 [main] INFO QA-MUBASHIR - ********>As a user i can enter username<********
2020-11-18 01:17:30,928 [main] INFO QA-MUBASHIR - ********>As a user i can enter password<********
2020-11-18 01:17:31,333 [main] INFO QA-MUBASHIR - ********>As a user i can click loggin<********
2020-11-18 01:17:35,925 [main] INFO QA-MUBASHIR - ********>As a user i can verify login title<********
2020-11-18 01:17:36,001 [main] INFO QA-MUBASHIR - ********>As a user i can clicklogout<********
2020-11-18 01:17:37,881 [main] INFO QA-MUBASHIR - ********>As a user i can verify Loginpage title<********
2020-11-18 01:17:37,926 [main] INFO QA-MUBASHIR - ********>As a user i can close the browser<********
2020-11-18 01:19:10,849 [main] INFO QA-MUBASHIR - ********>As a user i can open any browser<********
2020-11-18 01:19:10,865 [main] INFO QA-MUBASHIR - ********>As a user i can open any browser<********
2020-11-18 01:19:43,511 [main] INFO QA-MUBASHIR - ********>As a user i can open any browser<********
2020-11-18 01:19:49,413 [main] INFO QA-MUBASHIR - ********>As a user i can enter the URL<********
2020-11-18 01:19:51,405 [main] INFO QA-MUBASHIR - ********>As a user i can enter username<********
2020-11-18 01:19:51,544 [main] INFO QA-MUBASHIR - ********>As a user i can enter password<********
2020-11-18 01:19:51,625 [main] INFO QA-MUBASHIR - ********>As a user i can click loggin<********
2020-11-18 01:19:54,525 [main] INFO QA-MUBASHIR - ********>As a user i can verify login title<********
2020-11-18 01:19:54,790 [main] INFO QA-MUBASHIR - ********>As a user i can clicklogout<********
2020-11-18 01:19:56,259 [main] INFO QA-MUBASHIR - ********>As a user i can verify Loginpage title<********
2020-11-18 01:19:56,284 [main] INFO QA-MUBASHIR - ********>As a user i can close the browser<********
2020-11-18 01:19:57,393 [main] INFO QA-MUBASHIR - ********>As a user i can open any browser<********
2020-11-18 01:20:01,976 [main] INFO QA-MUBASHIR - ********>As a user i can enter the URL<********
2020-11-18 01:20:03,907 [main] INFO QA-MUBASHIR - ********>As a user i can enter username<********
2020-11-18 01:20:04,049 [main] INFO QA-MUBASHIR - ********>As a user i can enter password<********
2020-11-18 01:20:04,125 [main] INFO QA-MUBASHIR - ********>As a user i can click loggin<********
2020-11-18 01:20:06,296 [main] INFO QA-MUBASHIR - ********>As a user i can verify login title<********
2020-11-18 01:20:06,415 [main] INFO QA-MUBASHIR - ********>As a user i can clicklogout<********
2020-11-18 01:20:08,126 [main] INFO QA-MUBASHIR - ********>As a user i can verify Loginpage title<********
2020-11-18 01:20:08,141 [main] INFO QA-MUBASHIR - ********>As a user i can close the browser<********
2020-11-18 01:41:33,632 [main] INFO QA-MUBASHIR - ********>As a user i can open any browser<********
2020-11-18 01:41:33,735 [main] INFO QA-MUBASHIR - ********>As a user i can open any browser<********
2020-11-18 01:42:46,259 [main] INFO QA-MUBASHIR - ********>As a user i can open any browser<********
2020-11-18 01:42:52,265 [main] INFO QA-MUBASHIR - ********>As a user i can enter the URL<********
2020-11-18 01:42:54,177 [main] INFO QA-MUBASHIR - ********>As a user i can enter username<********
2020-11-18 01:42:54,347 [main] INFO QA-MUBASHIR - ********>As a user i can enter password<********
2020-11-18 01:42:54,450 [main] INFO QA-MUBASHIR - ********>As a user i can click loggin<********
2020-11-18 01:42:58,280 [main] INFO QA-MUBASHIR - ********>As a user i can verify login title<********
2020-11-18 01:42:58,527 [main] INFO QA-MUBASHIR - ********>As a user i can clicklogout<********
2020-11-18 01:42:59,589 [main] INFO QA-MUBASHIR - ********>As a user i can verify Loginpage title<********
2020-11-18 01:42:59,603 [main] INFO QA-MUBASHIR - ********>As a user i can close the browser<********
2020-11-18 01:43:00,836 [main] INFO QA-MUBASHIR - ********>As a user i can open any browser<********
2020-11-18 01:43:06,370 [main] INFO QA-MUBASHIR - ********>As a user i can enter the URL<********
2020-11-18 01:43:08,619 [main] INFO QA-MUBASHIR - ********>As a user i can enter username<********
2020-11-18 01:43:08,777 [main] INFO QA-MUBASHIR - ********>As a user i can enter password<********
2020-11-18 01:43:08,888 [main] INFO QA-MUBASHIR - ********>As a user i can click loggin<********
2020-11-18 01:43:12,123 [main] INFO QA-MUBASHIR - ********>As a user i can verify login title<********
2020-11-18 01:43:12,430 [main] INFO QA-MUBASHIR - ********>As a user i can clicklogout<********
2020-11-18 01:43:13,622 [main] INFO QA-MUBASHIR - ********>As a user i can verify Loginpage title<********
2020-11-18 01:43:13,632 [main] INFO QA-MUBASHIR - ********>As a user i can close the browser<********
2020-11-18 02:28:39,008 [main] INFO QA-MUBASHIR - ********>As a user i can open any browser<********
2020-11-18 02:28:44,818 [main] INFO QA-MUBASHIR - ********>As a user i can enter the URL<********
2020-11-18 02:28:46,646 [main] INFO QA-MUBASHIR - ********>As a user i can enter username<********
2020-11-18 02:28:46,770 [main] INFO QA-MUBASHIR - ********>As a user i can enter password<********
2020-11-18 02:28:46,866 [main] INFO QA-MUBASHIR - ********>As a user i can click loggin<********
2020-11-18 02:28:49,233 [main] INFO QA-MUBASHIR - ********>As a user i can verify login title<********
2020-11-18 02:28:49,334 [main] INFO QA-MUBASHIR - ********>As a user i can clicklogout<********
2020-11-18 02:28:50,484 [main] INFO QA-MUBASHIR - ********>As a user i can verify Loginpage title<********
2020-11-18 02:28:50,494 [main] INFO QA-MUBASHIR - ********>As a user i can close the browser<********
2020-11-18 02:28:51,666 [main] INFO QA-MUBASHIR - ********>As a user i can open any browser<********
2020-11-18 02:28:57,044 [main] INFO QA-MUBASHIR - ********>As a user i can enter the URL<********
2020-11-18 02:28:59,048 [main] INFO QA-MUBASHIR - ********>As a user i can enter username<********
2020-11-18 02:28:59,180 [main] INFO QA-MUBASHIR - ********>As a user i can enter password<********
2020-11-18 02:28:59,284 [main] INFO QA-MUBASHIR - ********>As a user i can click loggin<********
2020-11-18 02:29:01,193 [main] INFO QA-MUBASHIR - ********>As a user i can verify login title<********
2020-11-18 02:29:01,359 [main] INFO QA-MUBASHIR - ********>As a user i can clicklogout<********
2020-11-18 02:29:02,416 [main] INFO QA-MUBASHIR - ********>As a user i can verify Loginpage title<********
2020-11-18 02:29:02,428 [main] INFO QA-MUBASHIR - ********>As a user i can close the browser<********
2020-11-18 02:29:37,910 [main] INFO QA-MUBASHIR - ********>As a user i can open any browser<********
2020-11-18 02:29:43,636 [main] INFO QA-MUBASHIR - ********>As a user i can enter the URL<********
2020-11-18 02:29:45,198 [main] INFO QA-MUBASHIR - ********>As a user i can enter username<********
2020-11-18 02:29:45,341 [main] INFO QA-MUBASHIR - ********>As a user i can enter password<********
2020-11-18 02:29:45,443 [main] INFO QA-MUBASHIR - ********>As a user i can click loggin<********
2020-11-18 02:29:48,438 [main] INFO QA-MUBASHIR - ********>As a user i can verify login title<********
2020-11-18 02:29:48,662 [main] INFO QA-MUBASHIR - ********>As a user i can clicklogout<********
2020-11-18 02:29:49,870 [main] INFO QA-MUBASHIR - ********>As a user i can verify Loginpage title<********
2020-11-18 02:29:49,881 [main] INFO QA-MUBASHIR - ********>As a user i can close the browser<********
2020-11-18 02:29:51,044 [main] INFO QA-MUBASHIR - ********>As a user i can open any browser<********
2020-11-18 02:29:56,362 [main] INFO QA-MUBASHIR - ********>As a user i can enter the URL<********
2020-11-18 02:29:58,352 [main] INFO QA-MUBASHIR - ********>As a user i can enter username<********
2020-11-18 02:29:58,479 [main] INFO QA-MUBASHIR - ********>As a user i can enter password<********
2020-11-18 02:29:58,576 [main] INFO QA-MUBASHIR - ********>As a user i can click loggin<********
2020-11-18 02:30:00,777 [main] INFO QA-MUBASHIR - ********>As a user i can verify login title<********
2020-11-18 02:30:00,804 [main] INFO QA-MUBASHIR - ********>As a user i can clicklogout<********
2020-11-18 02:30:01,904 [main] INFO QA-MUBASHIR - ********>As a user i can verify Loginpage title<********
2020-11-18 02:30:01,917 [main] INFO QA-MUBASHIR - ********>As a user i can close the browser<********
2020-11-20 00:17:03,140 [main] INFO QA-MUBASHIR - ********>As a user i can open any browser<********
2020-11-20 00:17:09,001 [main] INFO QA-MUBASHIR - ********>As a user i can enter the URL<********
2020-11-20 00:17:10,928 [main] INFO QA-MUBASHIR - ********>As a user i can enter username<********
2020-11-20 00:17:11,079 [main] INFO QA-MUBASHIR - ********>As a user i can enter password<********
2020-11-20 00:17:11,185 [main] INFO QA-MUBASHIR - ********>As a user i can click loggin<********
2020-11-20 00:17:13,548 [main] INFO QA-MUBASHIR - ********>As a user i can verify login title<********
2020-11-20 00:17:13,724 [main] INFO QA-MUBASHIR - ********>As a user i can clicklogout<********
2020-11-20 00:17:15,014 [main] INFO QA-MUBASHIR - ********>As a user i can verify Loginpage title<********
2020-11-20 00:17:15,023 [main] INFO QA-MUBASHIR - ********>As a user i can close the browser<********
2020-11-20 00:17:16,181 [main] INFO QA-MUBASHIR - ********>As a user i can open any browser<********
2020-11-20 00:17:21,490 [main] INFO QA-MUBASHIR - ********>As a user i can enter the URL<********
2020-11-20 00:17:23,359 [main] INFO QA-MUBASHIR - ********>As a user i can enter username<********
2020-11-20 00:17:23,481 [main] INFO QA-MUBASHIR - ********>As a user i can enter password<********
2020-11-20 00:17:23,582 [main] INFO QA-MUBASHIR - ********>As a user i can click loggin<********
2020-11-20 00:17:26,056 [main] INFO QA-MUBASHIR - ********>As a user i can verify login title<********
2020-11-20 00:17:26,163 [main] INFO QA-MUBASHIR - ********>As a user i can clicklogout<********
2020-11-20 00:17:27,587 [main] INFO QA-MUBASHIR - ********>As a user i can verify Loginpage title<********
2020-11-20 00:17:27,598 [main] INFO QA-MUBASHIR - ********>As a user i can close the browser<********
